# JRE version: Java(TM) SE Runtime Environment (13.0.2+8) (build 13.0.2+8)
# Java VM: Java HotSpot(TM) 64-Bit Server VM (13.0.2+8, mixed mode, sharing, tiered, compressed oops, g1 gc, windows-amd64)
Heap:
 garbage-first heap   total 65536K, used 33802K [0x00000000c3200000, 0x0000000100000000)
  region size 1024K, 8 young (8192K), 2 survivors (2048K)
 Metaspace       used 60954K, capacity 62629K, committed 62892K, reserved 1103872K
  class space    used 7967K, capacity 8656K, committed 8704K, reserved 1048576K
GC Heap History (20 events):
Event: 15.512 GC heap before
{Heap before GC invocations=19 (full 0):
 garbage-first heap   total 54272K, used 36185K [0x00000000c3200000, 0x0000000100000000)
  region size 1024K, 20 young (20480K), 3 survivors (3072K)
 Metaspace       used 41754K, capacity 42876K, committed 43052K, reserved 1087488K
  class space    used 5425K, capacity 5893K, committed 6016K, reserved 1048576K
}
Event: 15.519 GC heap after
{Heap after GC invocations=20 (full 0):
 garbage-first heap   total 54272K, used 20264K [0x00000000c3200000, 0x0000000100000000)
  region size 1024K, 2 young (2048K), 2 survivors (2048K)
 Metaspace       used 41754K, capacity 42876K, committed 43052K, reserved 1087488K
  class space    used 5425K, capacity 5893K, committed 6016K, reserved 1048576K
}
Event: 16.045 GC heap before
{Heap before GC invocations=20 (full 0):
 garbage-first heap   total 54272K, used 37672K [0x00000000c3200000, 0x0000000100000000)
  region size 1024K, 19 young (19456K), 2 survivors (2048K)
 Metaspace       used 43778K, capacity 45025K, committed 45228K, reserved 1087488K
  class space    used 5824K, capacity 6325K, committed 6400K, reserved 1048576K
}
Event: 16.051 GC heap after
{Heap after GC invocations=21 (full 0):
 garbage-first heap   total 54272K, used 20651K [0x00000000c3200000, 0x0000000100000000)
  region size 1024K, 2 young (2048K), 2 survivors (2048K)
 Metaspace       used 43778K, capacity 45025K, committed 45228K, reserved 1087488K
  class space    used 5824K, capacity 6325K, committed 6400K, reserved 1048576K
}
Event: 18.459 GC heap before
{Heap before GC invocations=21 (full 0):
 garbage-first heap   total 54272K, used 39083K [0x00000000c3200000, 0x0000000100000000)
  region size 1024K, 20 young (20480K), 2 survivors (2048K)
 Metaspace       used 45774K, capacity 46948K, committed 47276K, reserved 1089536K
  class space    used 6078K, capacity 6563K, committed 6656K, reserved 1048576K
}
Event: 18.465 GC heap after
{Heap after GC invocations=22 (full 0):
 garbage-first heap   total 65536K, used 21084K [0x00000000c3200000, 0x0000000100000000)
  region size 1024K, 2 young (2048K), 2 survivors (2048K)
 Metaspace       used 45774K, capacity 46948K, committed 47276K, reserved 1089536K
  class space    used 6078K, capacity 6563K, committed 6656K, reserved 1048576K
}
Event: 19.225 GC heap before
{Heap before GC invocations=22 (full 0):
 garbage-first heap   total 65536K, used 43612K [0x00000000c3200000, 0x0000000100000000)
  region size 1024K, 24 young (24576K), 2 survivors (2048K)
 Metaspace       used 48254K, capacity 49589K, committed 49708K, reserved 1091584K
  class space    used 6389K, capacity 6931K, committed 7040K, reserved 1048576K
}
Event: 19.233 GC heap after
{Heap after GC invocations=23 (full 0):
 garbage-first heap   total 65536K, used 21897K [0x00000000c3200000, 0x0000000100000000)
  region size 1024K, 3 young (3072K), 3 survivors (3072K)
 Metaspace       used 48254K, capacity 49589K, committed 49708K, reserved 1091584K
  class space    used 6389K, capacity 6931K, committed 7040K, reserved 1048576K
}
Event: 20.423 GC heap before
{Heap before GC invocations=23 (full 0):
 garbage-first heap   total 65536K, used 45449K [0x00000000c3200000, 0x0000000100000000)
  region size 1024K, 26 young (26624K), 3 survivors (3072K)
 Metaspace       used 50138K, capacity 51562K, committed 51756K, reserved 1093632K
  class space    used 6657K, capacity 7226K, committed 7296K, reserved 1048576K
}
Event: 20.430 GC heap after
{Heap after GC invocations=24 (full 0):
 garbage-first heap   total 65536K, used 23163K [0x00000000c3200000, 0x0000000100000000)
  region size 1024K, 3 young (3072K), 3 survivors (3072K)
 Metaspace       used 50138K, capacity 51562K, committed 51756K, reserved 1093632K
  class space    used 6657K, capacity 7226K, committed 7296K, reserved 1048576K
}
Event: 20.992 GC heap before
{Heap before GC invocations=24 (full 0):
 garbage-first heap   total 65536K, used 47739K [0x00000000c3200000, 0x0000000100000000)
  region size 1024K, 27 young (27648K), 3 survivors (3072K)
 Metaspace       used 50605K, capacity 52007K, committed 52268K, reserved 1093632K
  class space    used 6695K, capacity 7264K, committed 7296K, reserved 1048576K
}
Event: 20.999 GC heap after
{Heap after GC invocations=25 (full 0):
 garbage-first heap   total 65536K, used 24071K [0x00000000c3200000, 0x0000000100000000)
  region size 1024K, 3 young (3072K), 3 survivors (3072K)
 Metaspace       used 50605K, capacity 52007K, committed 52268K, reserved 1093632K
  class space    used 6695K, capacity 7264K, committed 7296K, reserved 1048576K
}
Event: 22.008 GC heap before
{Heap before GC invocations=25 (full 0):
 garbage-first heap   total 65536K, used 47623K [0x00000000c3200000, 0x0000000100000000)
  region size 1024K, 26 young (26624K), 3 survivors (3072K)
 Metaspace       used 52694K, capacity 54173K, committed 54444K, reserved 1095680K
  class space    used 6983K, capacity 7579K, committed 7680K, reserved 1048576K
}
Event: 22.014 GC heap after
{Heap after GC invocations=26 (full 0):
 garbage-first heap   total 65536K, used 25177K [0x00000000c3200000, 0x0000000100000000)
  region size 1024K, 4 young (4096K), 4 survivors (4096K)
 Metaspace       used 52694K, capacity 54173K, committed 54444K, reserved 1095680K
  class space    used 6983K, capacity 7579K, committed 7680K, reserved 1048576K
}
Event: 22.886 GC heap before
{Heap before GC invocations=26 (full 0):
 garbage-first heap   total 65536K, used 48729K [0x00000000c3200000, 0x0000000100000000)
  region size 1024K, 27 young (27648K), 4 survivors (4096K)
 Metaspace       used 54483K, capacity 56117K, committed 56236K, reserved 1097728K
  class space    used 7209K, capacity 7853K, committed 7936K, reserved 1048576K
}
Event: 22.895 GC heap after
{Heap after GC invocations=27 (full 0):
 garbage-first heap   total 65536K, used 27085K [0x00000000c3200000, 0x0000000100000000)
  region size 1024K, 4 young (4096K), 4 survivors (4096K)
 Metaspace       used 54483K, capacity 56117K, committed 56236K, reserved 1097728K
  class space    used 7209K, capacity 7853K, committed 7936K, reserved 1048576K
}
Event: 757.517 GC heap before
{Heap before GC invocations=27 (full 0):
 garbage-first heap   total 65536K, used 47565K [0x00000000c3200000, 0x0000000100000000)
  region size 1024K, 26 young (26624K), 4 survivors (4096K)
 Metaspace       used 57947K, capacity 59593K, committed 59692K, reserved 1101824K
  class space    used 7610K, capacity 8265K, committed 8320K, reserved 1048576K
}
Event: 757.650 GC heap after
{Heap after GC invocations=28 (full 0):
 garbage-first heap   total 65536K, used 28185K [0x00000000c3200000, 0x0000000100000000)
  region size 1024K, 4 young (4096K), 4 survivors (4096K)
 Metaspace       used 57947K, capacity 59593K, committed 59692K, reserved 1101824K
  class space    used 7610K, capacity 8265K, committed 8320K, reserved 1048576K
}
Event: 910.945 GC heap before
{Heap before GC invocations=29 (full 0):
 garbage-first heap   total 65536K, used 49689K [0x00000000c3200000, 0x0000000100000000)
  region size 1024K, 26 young (26624K), 4 survivors (4096K)
 Metaspace       used 60589K, capacity 62314K, committed 62636K, reserved 1103872K
  class space    used 7940K, capacity 8616K, committed 8704K, reserved 1048576K
}
Event: 911.041 GC heap after
{Heap after GC invocations=30 (full 0):
 garbage-first heap   total 65536K, used 28682K [0x00000000c3200000, 0x0000000100000000)
  region size 1024K, 2 young (2048K), 2 survivors (2048K)
 Metaspace       used 60589K, capacity 62314K, committed 62636K, reserved 1103872K
  class space    used 7940K, capacity 8616K, committed 8704K, reserved 1048576K
}

